# JRE version: Java(TM) SE Runtime Environment (8.0_202-b08) (build 1.8.0_202-b08)
# Java VM: Java HotSpot(TM) 64-Bit Server VM (25.202-b08 mixed mode windows-amd64 compressed oops)
Heap:
 PSYoungGen      total 208896K, used 28936K [0x00000000eb380000, 0x00000000f8480000, 0x0000000100000000)
  eden space 206848K, 13% used [0x00000000eb380000,0x00000000ecfc2018,0x00000000f7d80000)
  from space 2048K, 0% used [0x00000000f8080000,0x00000000f8080000,0x00000000f8280000)
  to   space 512K, 0% used [0x00000000f8400000,0x00000000f8400000,0x00000000f8480000)
 ParOldGen       total 229376K, used 37591K [0x00000000c1a00000, 0x00000000cfa00000, 0x00000000eb380000)
  object space 229376K, 16% used [0x00000000c1a00000,0x00000000c3eb5ff0,0x00000000cfa00000)
 Metaspace       used 9934K, capacity 10110K, committed 10496K, reserved 1058816K
  class space    used 1122K, capacity 1196K, committed 1280K, reserved 1048576K
GC Heap History (10 events):
Event: 27.648 GC heap before
{Heap before GC invocations=41 (full 11):
 PSYoungGen      total 207360K, used 186330K [0x00000000eb380000, 0x00000000f8480000, 0x0000000100000000)
  eden space 206848K, 90% used [0x00000000eb380000,0x00000000f6976ac8,0x00000000f7d80000)
  from space 512K, 0% used [0x00000000f8400000,0x00000000f8400000,0x00000000f8480000)
  to   space 2048K, 0% used [0x00000000f8080000,0x00000000f8080000,0x00000000f8280000)
 ParOldGen       total 229376K, used 37591K [0x00000000c1a00000, 0x00000000cfa00000, 0x00000000eb380000)
  object space 229376K, 16% used [0x00000000c1a00000,0x00000000c3eb5c98,0x00000000cfa00000)
 Metaspace       used 9894K, capacity 10110K, committed 10496K, reserved 1058816K
  class space    used 1122K, capacity 1196K, committed 1280K, reserved 1048576K
Event: 27.650 GC heap after
Heap after GC invocations=41 (full 11):
 PSYoungGen      total 208896K, used 128K [0x00000000eb380000, 0x00000000f8480000, 0x0000000100000000)
  eden space 206848K, 0% used [0x00000000eb380000,0x00000000eb380000,0x00000000f7d80000)
  from space 2048K, 6% used [0x00000000f8080000,0x00000000f80a0000,0x00000000f8280000)
  to   space 512K, 0% used [0x00000000f8400000,0x00000000f8400000,0x00000000f8480000)
 ParOldGen       total 229376K, used 37591K [0x00000000c1a00000, 0x00000000cfa00000, 0x00000000eb380000)
  object space 229376K, 16% used [0x00000000c1a00000,0x00000000c3eb5c98,0x00000000cfa00000)
 Metaspace       used 9894K, capacity 10110K, committed 10496K, reserved 1058816K
  class space    used 1122K, capacity 1196K, committed 1280K, reserved 1048576K
}
Event: 29.139 GC heap before
{Heap before GC invocations=42 (full 11):
 PSYoungGen      total 208896K, used 206976K [0x00000000eb380000, 0x00000000f8480000, 0x0000000100000000)
  eden space 206848K, 100% used [0x00000000eb380000,0x00000000f7d80000,0x00000000f7d80000)
  from space 2048K, 6% used [0x00000000f8080000,0x00000000f80a0000,0x00000000f8280000)
  to   space 512K, 0% used [0x00000000f8400000,0x00000000f8400000,0x00000000f8480000)
 ParOldGen       total 229376K, used 37591K [0x00000000c1a00000, 0x00000000cfa00000, 0x00000000eb380000)
  object space 229376K, 16% used [0x00000000c1a00000,0x00000000c3eb5c98,0x00000000cfa00000)
 Metaspace       used 9905K, capacity 10110K, committed 10496K, reserved 1058816K
  class space    used 1122K, capacity 1196K, committed 1280K, reserved 1048576K
Event: 29.163 GC heap after
Heap after GC invocations=42 (full 11):
 PSYoungGen      total 207360K, used 160K [0x00000000eb380000, 0x00000000f8480000, 0x0000000100000000)
  eden space 206848K, 0% used [0x00000000eb380000,0x00000000eb380000,0x00000000f7d80000)
  from space 512K, 31% used [0x00000000f8400000,0x00000000f8428000,0x00000000f8480000)
  to   space 2048K, 0% used [0x00000000f8080000,0x00000000f8080000,0x00000000f8280000)
 ParOldGen       total 229376K, used 143557K [0x00000000c1a00000, 0x00000000cfa00000, 0x00000000eb380000)
  object space 229376K, 62% used [0x00000000c1a00000,0x00000000ca6316c8,0x00000000cfa00000)
 Metaspace       used 9905K, capacity 10110K, committed 10496K, reserved 1058816K
  class space    used 1122K, capacity 1196K, committed 1280K, reserved 1048576K
}
Event: 29.163 GC heap before
{Heap before GC invocations=43 (full 12):
 PSYoungGen      total 207360K, used 160K [0x00000000eb380000, 0x00000000f8480000, 0x0000000100000000)
  eden space 206848K, 0% used [0x00000000eb380000,0x00000000eb380000,0x00000000f7d80000)
  from space 512K, 31% used [0x00000000f8400000,0x00000000f8428000,0x00000000f8480000)
  to   space 2048K, 0% used [0x00000000f8080000,0x00000000f8080000,0x00000000f8280000)
 ParOldGen       total 229376K, used 143557K [0x00000000c1a00000, 0x00000000cfa00000, 0x00000000eb380000)
  object space 229376K, 62% used [0x00000000c1a00000,0x00000000ca6316c8,0x00000000cfa00000)
 Metaspace       used 9905K, capacity 10110K, committed 10496K, reserved 1058816K
  class space    used 1122K, capacity 1196K, committed 1280K, reserved 1048576K
Event: 29.181 GC heap after
Heap after GC invocations=43 (full 12):
 PSYoungGen      total 207360K, used 0K [0x00000000eb380000, 0x00000000f8480000, 0x0000000100000000)
  eden space 206848K, 0% used [0x00000000eb380000,0x00000000eb380000,0x00000000f7d80000)
  from space 512K, 0% used [0x00000000f8400000,0x00000000f8400000,0x00000000f8480000)
  to   space 2048K, 0% used [0x00000000f8080000,0x00000000f8080000,0x00000000f8280000)
 ParOldGen       total 229376K, used 37610K [0x00000000c1a00000, 0x00000000cfa00000, 0x00000000eb380000)
  object space 229376K, 16% used [0x00000000c1a00000,0x00000000c3eba9f0,0x00000000cfa00000)
 Metaspace       used 9905K, capacity 10110K, committed 10496K, reserved 1058816K
  class space    used 1122K, capacity 1196K, committed 1280K, reserved 1048576K
}
Event: 30.528 GC heap before
{Heap before GC invocations=44 (full 12):
 PSYoungGen      total 207360K, used 206848K [0x00000000eb380000, 0x00000000f8480000, 0x0000000100000000)
  eden space 206848K, 100% used [0x00000000eb380000,0x00000000f7d80000,0x00000000f7d80000)
  from space 512K, 0% used [0x00000000f8400000,0x00000000f8400000,0x00000000f8480000)
  to   space 2048K, 0% used [0x00000000f8080000,0x00000000f8080000,0x00000000f8280000)
 ParOldGen       total 229376K, used 37610K [0x00000000c1a00000, 0x00000000cfa00000, 0x00000000eb380000)
  object space 229376K, 16% used [0x00000000c1a00000,0x00000000c3eba9f0,0x00000000cfa00000)
 Metaspace       used 9931K, capacity 10110K, committed 10496K, reserved 1058816K
  class space    used 1122K, capacity 1196K, committed 1280K, reserved 1048576K
Event: 30.552 GC heap after
Heap after GC invocations=44 (full 12):
 PSYoungGen      total 208896K, used 128K [0x00000000eb380000, 0x00000000f8480000, 0x0000000100000000)
  eden space 206848K, 0% used [0x00000000eb380000,0x00000000eb380000,0x00000000f7d80000)
  from space 2048K, 6% used [0x00000000f8080000,0x00000000f80a0000,0x00000000f8280000)
  to   space 512K, 0% used [0x00000000f8400000,0x00000000f8400000,0x00000000f8480000)
 ParOldGen       total 229376K, used 143553K [0x00000000c1a00000, 0x00000000cfa00000, 0x00000000eb380000)
  object space 229376K, 62% used [0x00000000c1a00000,0x00000000ca630420,0x00000000cfa00000)
 Metaspace       used 9931K, capacity 10110K, committed 10496K, reserved 1058816K
  class space    used 1122K, capacity 1196K, committed 1280K, reserved 1048576K
}
Event: 30.552 GC heap before
{Heap before GC invocations=45 (full 13):
 PSYoungGen      total 208896K, used 128K [0x00000000eb380000, 0x00000000f8480000, 0x0000000100000000)
  eden space 206848K, 0% used [0x00000000eb380000,0x00000000eb380000,0x00000000f7d80000)
  from space 2048K, 6% used [0x00000000f8080000,0x00000000f80a0000,0x00000000f8280000)
  to   space 512K, 0% used [0x00000000f8400000,0x00000000f8400000,0x00000000f8480000)
 ParOldGen       total 229376K, used 143553K [0x00000000c1a00000, 0x00000000cfa00000, 0x00000000eb380000)
  object space 229376K, 62% used [0x00000000c1a00000,0x00000000ca630420,0x00000000cfa00000)
 Metaspace       used 9931K, capacity 10110K, committed 10496K, reserved 1058816K
  class space    used 1122K, capacity 1196K, committed 1280K, reserved 1048576K
Event: 30.570 GC heap after
Heap after GC invocations=45 (full 13):
 PSYoungGen      total 208896K, used 0K [0x00000000eb380000, 0x00000000f8480000, 0x0000000100000000)
  eden space 206848K, 0% used [0x00000000eb380000,0x00000000eb380000,0x00000000f7d80000)
  from space 2048K, 0% used [0x00000000f8080000,0x00000000f8080000,0x00000000f8280000)
  to   space 512K, 0% used [0x00000000f8400000,0x00000000f8400000,0x00000000f8480000)
 ParOldGen       total 229376K, used 37591K [0x00000000c1a00000, 0x00000000cfa00000, 0x00000000eb380000)
  object space 229376K, 16% used [0x00000000c1a00000,0x00000000c3eb5ff0,0x00000000cfa00000)
 Metaspace       used 9931K, capacity 10110K, committed 10496K, reserved 1058816K
  class space    used 1122K, capacity 1196K, committed 1280K, reserved 1048576K
}

