# JRE version: Java(TM) SE Runtime Environment (8.0_202-b08) (build 1.8.0_202-b08)
# Java VM: Java HotSpot(TM) 64-Bit Server VM (25.202-b08 mixed mode windows-amd64 compressed oops)
Heap:
 PSYoungGen      total 220160K, used 48269K [0x00000000eb380000, 0x00000000f8d00000, 0x0000000100000000)
  eden space 217600K, 22% used [0x00000000eb380000,0x00000000ee2a3548,0x00000000f8800000)
  from space 2560K, 0% used [0x00000000f8800000,0x00000000f8800000,0x00000000f8a80000)
  to   space 2048K, 0% used [0x00000000f8b00000,0x00000000f8b00000,0x00000000f8d00000)
 ParOldGen       total 188928K, used 37728K [0x00000000c1a00000, 0x00000000cd280000, 0x00000000eb380000)
  object space 188928K, 19% used [0x00000000c1a00000,0x00000000c3ed81d0,0x00000000cd280000)
 Metaspace       used 10242K, capacity 10420K, committed 10752K, reserved 1058816K
  class space    used 1171K, capacity 1231K, committed 1280K, reserved 1048576K
GC Heap History (10 events):
Event: 19.190 GC heap before
{Heap before GC invocations=27 (full 4):
 PSYoungGen      total 198656K, used 197792K [0x00000000eb380000, 0x00000000f7980000, 0x0000000100000000)
  eden space 197632K, 100% used [0x00000000eb380000,0x00000000f7480000,0x00000000f7480000)
  from space 1024K, 15% used [0x00000000f7880000,0x00000000f78a8000,0x00000000f7980000)
  to   space 2560K, 0% used [0x00000000f7480000,0x00000000f7480000,0x00000000f7700000)
 ParOldGen       total 188928K, used 37655K [0x00000000c1a00000, 0x00000000cd280000, 0x00000000eb380000)
  object space 188928K, 19% used [0x00000000c1a00000,0x00000000c3ec5c88,0x00000000cd280000)
 Metaspace       used 10234K, capacity 10420K, committed 10752K, reserved 1058816K
  class space    used 1171K, capacity 1231K, committed 1280K, reserved 1048576K
Event: 19.213 GC heap after
Heap after GC invocations=27 (full 4):
 PSYoungGen      total 200192K, used 256K [0x00000000eb380000, 0x00000000f8d80000, 0x0000000100000000)
  eden space 197632K, 0% used [0x00000000eb380000,0x00000000eb380000,0x00000000f7480000)
  from space 2560K, 10% used [0x00000000f7480000,0x00000000f74c0000,0x00000000f7700000)
  to   space 2560K, 0% used [0x00000000f8b00000,0x00000000f8b00000,0x00000000f8d80000)
 ParOldGen       total 188928K, used 143597K [0x00000000c1a00000, 0x00000000cd280000, 0x00000000eb380000)
  object space 188928K, 76% used [0x00000000c1a00000,0x00000000ca63b6b8,0x00000000cd280000)
 Metaspace       used 10234K, capacity 10420K, committed 10752K, reserved 1058816K
  class space    used 1171K, capacity 1231K, committed 1280K, reserved 1048576K
}
Event: 19.213 GC heap before
{Heap before GC invocations=28 (full 5):
 PSYoungGen      total 200192K, used 256K [0x00000000eb380000, 0x00000000f8d80000, 0x0000000100000000)
  eden space 197632K, 0% used [0x00000000eb380000,0x00000000eb380000,0x00000000f7480000)
  from space 2560K, 10% used [0x00000000f7480000,0x00000000f74c0000,0x00000000f7700000)
  to   space 2560K, 0% used [0x00000000f8b00000,0x00000000f8b00000,0x00000000f8d80000)
 ParOldGen       total 188928K, used 143597K [0x00000000c1a00000, 0x00000000cd280000, 0x00000000eb380000)
  object space 188928K, 76% used [0x00000000c1a00000,0x00000000ca63b6b8,0x00000000cd280000)
 Metaspace       used 10234K, capacity 10420K, committed 10752K, reserved 1058816K
  class space    used 1171K, capacity 1231K, committed 1280K, reserved 1048576K
Event: 19.237 GC heap after
Heap after GC invocations=28 (full 5):
 PSYoungGen      total 200192K, used 0K [0x00000000eb380000, 0x00000000f8d80000, 0x0000000100000000)
  eden space 197632K, 0% used [0x00000000eb380000,0x00000000eb380000,0x00000000f7480000)
  from space 2560K, 0% used [0x00000000f7480000,0x00000000f7480000,0x00000000f7700000)
  to   space 2560K, 0% used [0x00000000f8b00000,0x00000000f8b00000,0x00000000f8d80000)
 ParOldGen       total 188928K, used 37710K [0x00000000c1a00000, 0x00000000cd280000, 0x00000000eb380000)
  object space 188928K, 19% used [0x00000000c1a00000,0x00000000c3ed3900,0x00000000cd280000)
 Metaspace       used 10234K, capacity 10420K, committed 10752K, reserved 1058816K
  class space    used 1171K, capacity 1231K, committed 1280K, reserved 1048576K
}
Event: 20.891 GC heap before
{Heap before GC invocations=29 (full 5):
 PSYoungGen      total 200192K, used 180658K [0x00000000eb380000, 0x00000000f8d80000, 0x0000000100000000)
  eden space 197632K, 91% used [0x00000000eb380000,0x00000000f63ec9d8,0x00000000f7480000)
  from space 2560K, 0% used [0x00000000f7480000,0x00000000f7480000,0x00000000f7700000)
  to   space 2560K, 0% used [0x00000000f8b00000,0x00000000f8b00000,0x00000000f8d80000)
 ParOldGen       total 188928K, used 37710K [0x00000000c1a00000, 0x00000000cd280000, 0x00000000eb380000)
  object space 188928K, 19% used [0x00000000c1a00000,0x00000000c3ed3900,0x00000000cd280000)
 Metaspace       used 10240K, capacity 10420K, committed 10752K, reserved 1058816K
  class space    used 1171K, capacity 1231K, committed 1280K, reserved 1048576K
Event: 20.892 GC heap after
Heap after GC invocations=29 (full 5):
 PSYoungGen      total 219648K, used 128K [0x00000000eb380000, 0x00000000f8d00000, 0x0000000100000000)
  eden space 217600K, 0% used [0x00000000eb380000,0x00000000eb380000,0x00000000f8800000)
  from space 2048K, 6% used [0x00000000f8b00000,0x00000000f8b20000,0x00000000f8d00000)
  to   space 2560K, 0% used [0x00000000f8800000,0x00000000f8800000,0x00000000f8a80000)
 ParOldGen       total 188928K, used 37710K [0x00000000c1a00000, 0x00000000cd280000, 0x00000000eb380000)
  object space 188928K, 19% used [0x00000000c1a00000,0x00000000c3ed3900,0x00000000cd280000)
 Metaspace       used 10240K, capacity 10420K, committed 10752K, reserved 1058816K
  class space    used 1171K, capacity 1231K, committed 1280K, reserved 1048576K
}
Event: 22.480 GC heap before
{Heap before GC invocations=30 (full 5):
 PSYoungGen      total 219648K, used 217728K [0x00000000eb380000, 0x00000000f8d00000, 0x0000000100000000)
  eden space 217600K, 100% used [0x00000000eb380000,0x00000000f8800000,0x00000000f8800000)
  from space 2048K, 6% used [0x00000000f8b00000,0x00000000f8b20000,0x00000000f8d00000)
  to   space 2560K, 0% used [0x00000000f8800000,0x00000000f8800000,0x00000000f8a80000)
 ParOldGen       total 188928K, used 37710K [0x00000000c1a00000, 0x00000000cd280000, 0x00000000eb380000)
  object space 188928K, 19% used [0x00000000c1a00000,0x00000000c3ed3900,0x00000000cd280000)
 Metaspace       used 10241K, capacity 10420K, committed 10752K, reserved 1058816K
  class space    used 1171K, capacity 1231K, committed 1280K, reserved 1048576K
Event: 22.504 GC heap after
Heap after GC invocations=30 (full 5):
 PSYoungGen      total 220160K, used 128K [0x00000000eb380000, 0x00000000f8d00000, 0x0000000100000000)
  eden space 217600K, 0% used [0x00000000eb380000,0x00000000eb380000,0x00000000f8800000)
  from space 2560K, 5% used [0x00000000f8800000,0x00000000f8820000,0x00000000f8a80000)
  to   space 2048K, 0% used [0x00000000f8b00000,0x00000000f8b00000,0x00000000f8d00000)
 ParOldGen       total 188928K, used 143644K [0x00000000c1a00000, 0x00000000cd280000, 0x00000000eb380000)
  object space 188928K, 76% used [0x00000000c1a00000,0x00000000ca647330,0x00000000cd280000)
 Metaspace       used 10241K, capacity 10420K, committed 10752K, reserved 1058816K
  class space    used 1171K, capacity 1231K, committed 1280K, reserved 1048576K
}
Event: 22.504 GC heap before
{Heap before GC invocations=31 (full 6):
 PSYoungGen      total 220160K, used 128K [0x00000000eb380000, 0x00000000f8d00000, 0x0000000100000000)
  eden space 217600K, 0% used [0x00000000eb380000,0x00000000eb380000,0x00000000f8800000)
  from space 2560K, 5% used [0x00000000f8800000,0x00000000f8820000,0x00000000f8a80000)
  to   space 2048K, 0% used [0x00000000f8b00000,0x00000000f8b00000,0x00000000f8d00000)
 ParOldGen       total 188928K, used 143644K [0x00000000c1a00000, 0x00000000cd280000, 0x00000000eb380000)
  object space 188928K, 76% used [0x00000000c1a00000,0x00000000ca647330,0x00000000cd280000)
 Metaspace       used 10241K, capacity 10420K, committed 10752K, reserved 1058816K
  class space    used 1171K, capacity 1231K, committed 1280K, reserved 1048576K
Event: 22.523 GC heap after
Heap after GC invocations=31 (full 6):
 PSYoungGen      total 220160K, used 0K [0x00000000eb380000, 0x00000000f8d00000, 0x0000000100000000)
  eden space 217600K, 0% used [0x00000000eb380000,0x00000000eb380000,0x00000000f8800000)
  from space 2560K, 0% used [0x00000000f8800000,0x00000000f8800000,0x00000000f8a80000)
  to   space 2048K, 0% used [0x00000000f8b00000,0x00000000f8b00000,0x00000000f8d00000)
 ParOldGen       total 188928K, used 37728K [0x00000000c1a00000, 0x00000000cd280000, 0x00000000eb380000)
  object space 188928K, 19% used [0x00000000c1a00000,0x00000000c3ed81d0,0x00000000cd280000)
 Metaspace       used 10241K, capacity 10420K, committed 10752K, reserved 1058816K
  class space    used 1171K, capacity 1231K, committed 1280K, reserved 1048576K
}

