# JRE version: Java(TM) SE Runtime Environment (8.0_202-b08) (build 1.8.0_202-b08)
# Java VM: Java HotSpot(TM) 64-Bit Server VM (25.202-b08 mixed mode windows-amd64 compressed oops)
Heap:
 PSYoungGen      total 336384K, used 274207K [0x00000000eb380000, 0x00000000fff00000, 0x0000000100000000)
  eden space 333312K, 82% used [0x00000000eb380000,0x00000000fbf1ffb8,0x00000000ff900000)
  from space 3072K, 5% used [0x00000000ffc00000,0x00000000ffc28000,0x00000000fff00000)
  to   space 512K, 0% used [0x00000000ff900000,0x00000000ff900000,0x00000000ff980000)
 ParOldGen       total 203776K, used 37796K [0x00000000c1a00000, 0x00000000ce100000, 0x00000000eb380000)
  object space 203776K, 18% used [0x00000000c1a00000,0x00000000c3ee9218,0x00000000ce100000)
 Metaspace       used 10261K, capacity 10488K, committed 10752K, reserved 1058816K
  class space    used 1172K, capacity 1231K, committed 1280K, reserved 1048576K
GC Heap History (10 events):
Event: 12.566 GC heap before
{Heap before GC invocations=18 (full 4):
 PSYoungGen      total 255488K, used 231282K [0x00000000eb380000, 0x0000000100000000, 0x0000000100000000)
  eden space 251904K, 91% used [0x00000000eb380000,0x00000000f955c870,0x00000000fa980000)
  from space 3584K, 0% used [0x00000000fa980000,0x00000000fa980000,0x00000000fad00000)
  to   space 3584K, 0% used [0x00000000ffc80000,0x00000000ffc80000,0x0000000100000000)
 ParOldGen       total 203776K, used 37716K [0x00000000c1a00000, 0x00000000ce100000, 0x00000000eb380000)
  object space 203776K, 18% used [0x00000000c1a00000,0x00000000c3ed5218,0x00000000ce100000)
 Metaspace       used 10136K, capacity 10360K, committed 10496K, reserved 1058816K
  class space    used 1172K, capacity 1231K, committed 1280K, reserved 1048576K
Event: 12.567 GC heap after
Heap after GC invocations=18 (full 4):
 PSYoungGen      total 336896K, used 192K [0x00000000eb380000, 0x0000000100000000, 0x0000000100000000)
  eden space 333312K, 0% used [0x00000000eb380000,0x00000000eb380000,0x00000000ff900000)
  from space 3584K, 5% used [0x00000000ffc80000,0x00000000ffcb0000,0x0000000100000000)
  to   space 3584K, 0% used [0x00000000ff900000,0x00000000ff900000,0x00000000ffc80000)
 ParOldGen       total 203776K, used 37724K [0x00000000c1a00000, 0x00000000ce100000, 0x00000000eb380000)
  object space 203776K, 18% used [0x00000000c1a00000,0x00000000c3ed7218,0x00000000ce100000)
 Metaspace       used 10136K, capacity 10360K, committed 10496K, reserved 1058816K
  class space    used 1172K, capacity 1231K, committed 1280K, reserved 1048576K
}
Event: 14.863 GC heap before
{Heap before GC invocations=19 (full 4):
 PSYoungGen      total 336896K, used 299827K [0x00000000eb380000, 0x0000000100000000, 0x0000000100000000)
  eden space 333312K, 89% used [0x00000000eb380000,0x00000000fd81cfe0,0x00000000ff900000)
  from space 3584K, 5% used [0x00000000ffc80000,0x00000000ffcb0000,0x0000000100000000)
  to   space 3584K, 0% used [0x00000000ff900000,0x00000000ff900000,0x00000000ffc80000)
 ParOldGen       total 203776K, used 37724K [0x00000000c1a00000, 0x00000000ce100000, 0x00000000eb380000)
  object space 203776K, 18% used [0x00000000c1a00000,0x00000000c3ed7218,0x00000000ce100000)
 Metaspace       used 10166K, capacity 10360K, committed 10496K, reserved 1058816K
  class space    used 1172K, capacity 1231K, committed 1280K, reserved 1048576K
Event: 14.882 GC heap after
Heap after GC invocations=19 (full 4):
 PSYoungGen      total 336896K, used 160K [0x00000000eb380000, 0x0000000100000000, 0x0000000100000000)
  eden space 333312K, 0% used [0x00000000eb380000,0x00000000eb380000,0x00000000ff900000)
  from space 3584K, 4% used [0x00000000ff900000,0x00000000ff928000,0x00000000ffc80000)
  to   space 3584K, 0% used [0x00000000ffc80000,0x00000000ffc80000,0x0000000100000000)
 ParOldGen       total 203776K, used 37756K [0x00000000c1a00000, 0x00000000ce100000, 0x00000000eb380000)
  object space 203776K, 18% used [0x00000000c1a00000,0x00000000c3edf218,0x00000000ce100000)
 Metaspace       used 10166K, capacity 10360K, committed 10496K, reserved 1058816K
  class space    used 1172K, capacity 1231K, committed 1280K, reserved 1048576K
}
Event: 18.671 GC heap before
{Heap before GC invocations=20 (full 4):
 PSYoungGen      total 336896K, used 299681K [0x00000000eb380000, 0x0000000100000000, 0x0000000100000000)
  eden space 333312K, 89% used [0x00000000eb380000,0x00000000fd800410,0x00000000ff900000)
  from space 3584K, 4% used [0x00000000ff900000,0x00000000ff928000,0x00000000ffc80000)
  to   space 3584K, 0% used [0x00000000ffc80000,0x00000000ffc80000,0x0000000100000000)
 ParOldGen       total 203776K, used 37756K [0x00000000c1a00000, 0x00000000ce100000, 0x00000000eb380000)
  object space 203776K, 18% used [0x00000000c1a00000,0x00000000c3edf218,0x00000000ce100000)
 Metaspace       used 10215K, capacity 10424K, committed 10752K, reserved 1058816K
  class space    used 1172K, capacity 1231K, committed 1280K, reserved 1048576K
Event: 18.674 GC heap after
Heap after GC invocations=20 (full 4):
 PSYoungGen      total 336896K, used 96K [0x00000000eb380000, 0x0000000100000000, 0x0000000100000000)
  eden space 333312K, 0% used [0x00000000eb380000,0x00000000eb380000,0x00000000ff900000)
  from space 3584K, 2% used [0x00000000ffc80000,0x00000000ffc98000,0x0000000100000000)
  to   space 3584K, 0% used [0x00000000ff900000,0x00000000ff900000,0x00000000ffc80000)
 ParOldGen       total 203776K, used 37788K [0x00000000c1a00000, 0x00000000ce100000, 0x00000000eb380000)
  object space 203776K, 18% used [0x00000000c1a00000,0x00000000c3ee7218,0x00000000ce100000)
 Metaspace       used 10215K, capacity 10424K, committed 10752K, reserved 1058816K
  class space    used 1172K, capacity 1231K, committed 1280K, reserved 1048576K
}
Event: 21.042 GC heap before
{Heap before GC invocations=21 (full 4):
 PSYoungGen      total 336896K, used 300145K [0x00000000eb380000, 0x0000000100000000, 0x0000000100000000)
  eden space 333312K, 90% used [0x00000000eb380000,0x00000000fd884738,0x00000000ff900000)
  from space 3584K, 2% used [0x00000000ffc80000,0x00000000ffc98000,0x0000000100000000)
  to   space 3584K, 0% used [0x00000000ff900000,0x00000000ff900000,0x00000000ffc80000)
 ParOldGen       total 203776K, used 37788K [0x00000000c1a00000, 0x00000000ce100000, 0x00000000eb380000)
  object space 203776K, 18% used [0x00000000c1a00000,0x00000000c3ee7218,0x00000000ce100000)
 Metaspace       used 10241K, capacity 10424K, committed 10752K, reserved 1058816K
  class space    used 1172K, capacity 1231K, committed 1280K, reserved 1048576K
Event: 21.046 GC heap after
Heap after GC invocations=21 (full 4):
 PSYoungGen      total 333824K, used 96K [0x00000000eb380000, 0x00000000fff00000, 0x0000000100000000)
  eden space 333312K, 0% used [0x00000000eb380000,0x00000000eb380000,0x00000000ff900000)
  from space 512K, 18% used [0x00000000ff900000,0x00000000ff918000,0x00000000ff980000)
  to   space 3072K, 0% used [0x00000000ffc00000,0x00000000ffc00000,0x00000000fff00000)
 ParOldGen       total 203776K, used 37796K [0x00000000c1a00000, 0x00000000ce100000, 0x00000000eb380000)
  object space 203776K, 18% used [0x00000000c1a00000,0x00000000c3ee9218,0x00000000ce100000)
 Metaspace       used 10241K, capacity 10424K, committed 10752K, reserved 1058816K
  class space    used 1172K, capacity 1231K, committed 1280K, reserved 1048576K
}
Event: 23.497 GC heap before
{Heap before GC invocations=22 (full 4):
 PSYoungGen      total 333824K, used 300461K [0x00000000eb380000, 0x00000000fff00000, 0x0000000100000000)
  eden space 333312K, 90% used [0x00000000eb380000,0x00000000fd8d3788,0x00000000ff900000)
  from space 512K, 18% used [0x00000000ff900000,0x00000000ff918000,0x00000000ff980000)
  to   space 3072K, 0% used [0x00000000ffc00000,0x00000000ffc00000,0x00000000fff00000)
 ParOldGen       total 203776K, used 37796K [0x00000000c1a00000, 0x00000000ce100000, 0x00000000eb380000)
  object space 203776K, 18% used [0x00000000c1a00000,0x00000000c3ee9218,0x00000000ce100000)
 Metaspace       used 10243K, capacity 10424K, committed 10752K, reserved 1058816K
  class space    used 1172K, capacity 1231K, committed 1280K, reserved 1048576K
Event: 23.524 GC heap after
Heap after GC invocations=22 (full 4):
 PSYoungGen      total 336384K, used 160K [0x00000000eb380000, 0x00000000fff00000, 0x0000000100000000)
  eden space 333312K, 0% used [0x00000000eb380000,0x00000000eb380000,0x00000000ff900000)
  from space 3072K, 5% used [0x00000000ffc00000,0x00000000ffc28000,0x00000000fff00000)
  to   space 512K, 0% used [0x00000000ff900000,0x00000000ff900000,0x00000000ff980000)
 ParOldGen       total 203776K, used 37796K [0x00000000c1a00000, 0x00000000ce100000, 0x00000000eb380000)
  object space 203776K, 18% used [0x00000000c1a00000,0x00000000c3ee9218,0x00000000ce100000)
 Metaspace       used 10243K, capacity 10424K, committed 10752K, reserved 1058816K
  class space    used 1172K, capacity 1231K, committed 1280K, reserved 1048576K
}

